This file contains any messages produced by compilers while
running configure, to aid debugging if configure makes a mistake.

It was created by configure, which was
generated by GNU Autoconf 2.57.  Invocation command line was

  $ ./configure 

## --------- ##
## Platform. ##
## --------- ##

hostname = IITADVRLW012
uname -m = x86_64
uname -r = 3.1.7-340.x86_64
uname -s = MINGW64_NT-10.0-19041
uname -v = 2021-03-26 22:17 UTC

/usr/bin/uname -p = unknown
/bin/uname -X     = unknown

/bin/arch              = x86_64
/usr/bin/arch -k       = unknown
/usr/convex/getsysinfo = unknown
hostinfo               = unknown
/bin/machine           = unknown
/usr/bin/oslevel       = unknown
/bin/universe          = unknown

PATH: /c/Users/agunalan/bin
PATH: /mingw64/bin
PATH: /usr/local/bin
PATH: /usr/bin
PATH: /bin
PATH: /mingw64/bin
PATH: /usr/bin
PATH: /c/Users/agunalan/bin
PATH: /c/Program Files (x86)/Common Files/Oracle/Java/javapath
PATH: /c/Windows/system32
PATH: /c/Windows
PATH: /c/Windows/System32/Wbem
PATH: /c/Windows/System32/WindowsPowerShell/v1.0
PATH: /c/Windows/System32/OpenSSH
PATH: /c/Program Files/MATLAB/R2020b/runtime/win64
PATH: /c/Program Files/MATLAB/R2020b/bin
PATH: /cmd
PATH: /c/Program Files (x86)/Pico Technology/PicoScope6
PATH: /c/Program Files/PuTTY
PATH: /c/Program Files (x86)/Notepad++
PATH: /c/Program Files/Inkscape/bin
PATH: /c/Program Files/dotnet
PATH: /c/Program Files (x86)/Calibre2
PATH: /c/Program Files/Git LFS
PATH: /c/Ruby31-x64/bin
PATH: /c/Ruby30-x64/bin
PATH: /c/Users/agunalan/AppData/Local/Microsoft/WindowsApps
PATH: /c/Users/agunalan/AppData/Local/hyper/app-3.0.2/resources/bin
PATH: /c/texlive/2021/bin/win32
PATH: /c/MinGW/bin
PATH: /usr/bin/vendor_perl
PATH: /usr/bin/core_perl


## ----------- ##
## Core tests. ##
## ----------- ##

configure:1500: checking for a BSD-compatible install
configure:1554: result: /usr/bin/install -c
configure:1565: checking whether build environment is sane
configure:1608: result: yes
configure:1641: checking for gawk
configure:1657: found /usr/bin/gawk
configure:1667: result: gawk
configure:1677: checking whether make sets $(MAKE)
configure:1701: result: no
configure:1965: checking type prefix for installed files
configure:1976: result: (none)
configure:2063: checking for vendor's cc to be used instead of gcc
configure:2067: checking for cc
configure:2096: result: no
configure:2147: checking for gcc
configure:2163: found /c/MinGW/bin/gcc
configure:2173: result: gcc
configure:2417: checking for C compiler version
configure:2420: gcc --version </dev/null >&5
gcc.exe (MinGW.org GCC-6.3.0-1) 6.3.0
Copyright (C) 2016 Free Software Foundation, Inc.
This is free software; see the source for copying conditions.  There is NO
warranty; not even for MERCHANTABILITY or FITNESS FOR A PARTICULAR PURPOSE.

configure:2423: $? = 0
configure:2425: gcc -v </dev/null >&5
Using built-in specs.
COLLECT_GCC=C:\MinGW\bin\gcc.exe
COLLECT_LTO_WRAPPER=c:/mingw/bin/../libexec/gcc/mingw32/6.3.0/lto-wrapper.exe
Target: mingw32
Configured with: ../src/gcc-6.3.0/configure --build=x86_64-pc-linux-gnu --host=mingw32 --target=mingw32 --with-gmp=/mingw --with-mpfr --with-mpc=/mingw --with-isl=/mingw --prefix=/mingw --disable-win32-registry --with-arch=i586 --with-tune=generic --enable-languages=c,c++,objc,obj-c++,fortran,ada --with-pkgversion='MinGW.org GCC-6.3.0-1' --enable-static --enable-shared --enable-threads --with-dwarf2 --disable-sjlj-exceptions --enable-version-specific-runtime-libs --with-libiconv-prefix=/mingw --with-libintl-prefix=/mingw --enable-libstdcxx-debug --enable-libgomp --disable-libvtv --enable-nls
Thread model: win32
gcc version 6.3.0 (MinGW.org GCC-6.3.0-1) 
configure:2428: $? = 0
configure:2430: gcc -V </dev/null >&5
gcc.exe: error: unrecognized command line option '-V'
gcc.exe: fatal error: no input files
compilation terminated.
configure:2433: $? = 1
configure:2457: checking for C compiler default output
configure:2460: gcc    conftest.c  >&5
configure:2463: $? = 0
configure:2509: result: a.exe
configure:2514: checking whether the C compiler works
configure:2520: ./a.exe
configure:2523: $? = 0
configure:2540: result: yes
configure:2547: checking whether we are cross compiling
configure:2549: result: no
configure:2552: checking for suffix of executables
configure:2554: gcc -o conftest.exe    conftest.c  >&5
configure:2557: $? = 0
configure:2582: result: .exe
configure:2588: checking for suffix of object files
configure:2610: gcc -c   conftest.c >&5
configure:2613: $? = 0
configure:2635: result: o
configure:2639: checking whether we are using the GNU C compiler
configure:2664: gcc -c   conftest.c >&5
configure:2667: $? = 0
configure:2670: test -s conftest.o
configure:2673: $? = 0
configure:2686: result: yes
configure:2692: checking whether gcc accepts -g
configure:2714: gcc -c -g  conftest.c >&5
configure:2717: $? = 0
configure:2720: test -s conftest.o
configure:2723: $? = 0
configure:2734: result: yes
configure:2751: checking for gcc option to accept ANSI C
configure:2812: gcc  -c -g -O2  conftest.c >&5
configure:2815: $? = 0
configure:2818: test -s conftest.o
configure:2821: $? = 0
configure:2839: result: none needed
configure:2857: gcc -c -g -O2  conftest.c >&5
conftest.c:2:3: error: unknown type name 'choke'
   choke me
   ^~~~~
conftest.c:2:3: error: expected '=', ',', ';', 'asm' or '__attribute__' at end of input
configure:2860: $? = 1
configure: failed program was:
| #ifndef __cplusplus
|   choke me
| #endif
configure:2979: checking for style of include used by make
configure:3007: result: none
configure:3035: checking dependency style of gcc
configure:3103: result: none
configure:3122: checking whether we are using gcc 2.90 or later
configure:3136: gcc -E conftest.c
configure:3139: $? = 0
configure:3147: result: yes
configure:3169: checking for a BSD-compatible install
configure:3223: result: /usr/bin/install -c
configure:3234: checking whether make sets $(MAKE)
configure:3258: result: no
configure:3304: checking for ranlib
configure:3320: found /c/MinGW/bin/ranlib
configure:3331: result: ranlib
configure:3343: checking whether ln -s works
configure:3347: result: yes
configure:3404: checking build system type
configure:3417: error: /bin/sh ./config.sub x86_64-pc-mingw64 failed

## ---------------- ##
## Cache variables. ##
## ---------------- ##

ac_cv_build=
ac_cv_build_alias=x86_64-pc-mingw64
ac_cv_c_compiler_gnu=yes
ac_cv_env_CC_set=
ac_cv_env_CC_value=
ac_cv_env_CFLAGS_set=
ac_cv_env_CFLAGS_value=
ac_cv_env_CPPFLAGS_set=
ac_cv_env_CPPFLAGS_value=
ac_cv_env_CPP_set=
ac_cv_env_CPP_value=
ac_cv_env_F77_set=
ac_cv_env_F77_value=
ac_cv_env_FFLAGS_set=
ac_cv_env_FFLAGS_value=
ac_cv_env_LDFLAGS_set=
ac_cv_env_LDFLAGS_value=
ac_cv_env_build_alias_set=
ac_cv_env_build_alias_value=
ac_cv_env_host_alias_set=
ac_cv_env_host_alias_value=
ac_cv_env_target_alias_set=
ac_cv_env_target_alias_value=
ac_cv_exeext=.exe
ac_cv_objext=o
ac_cv_path_install='/usr/bin/install -c'
ac_cv_prog_AWK=gawk
ac_cv_prog_ac_ct_CC=gcc
ac_cv_prog_ac_ct_RANLIB=ranlib
ac_cv_prog_cc_g=yes
ac_cv_prog_cc_stdc=
ac_cv_prog_gcc_2_90=yes
ac_cv_prog_make_make_set=no
am_cv_CC_dependencies_compiler_type=none

## ----------------- ##
## Output variables. ##
## ----------------- ##

ACLOCAL='${SHELL} /c/Users/agunalan/digital_image_processing/new/fftw/missing --run aclocal-1.7'
ALLOCA=''
AMDEPBACKSLASH='\'
AMDEP_FALSE='#'
AMDEP_TRUE=''
AMTAR='${SHELL} /c/Users/agunalan/digital_image_processing/new/fftw/missing --run tar'
AUTOCONF='${SHELL} /c/Users/agunalan/digital_image_processing/new/fftw/missing --run autoconf'
AUTOHEADER='${SHELL} /c/Users/agunalan/digital_image_processing/new/fftw/missing --run autoheader'
AUTOMAKE='${SHELL} /c/Users/agunalan/digital_image_processing/new/fftw/missing --run automake-1.7'
AWK='gawk'
CC='gcc'
CCDEPMODE='depmode=none'
CFLAGS='-g -O2'
CPP=''
CPPFLAGS=''
CYGPATH_W='cygpath -w'
DEFS=''
DEPDIR='.deps'
ECHO='echo'
ECHO_C=''
ECHO_N='-n'
ECHO_T=''
EGREP=''
EXEEXT='.exe'
F77=''
FFLAGS=''
FFTW_MPI_INCLUDELIST=''
FFTW_MPI_LIBLIST=''
FFTW_MPI_PROGLIST=''
FFTW_PREFIX1='xyz'
FFTW_PREFIX=''
FFTW_THREADS_INCLUDELIST=''
FFTW_THREADS_LIBLIST=''
FFTW_THREADS_PROGLIST=''
FLIBS=''
INSTALL_DATA='${INSTALL} -m 644'
INSTALL_PROGRAM='${INSTALL}'
INSTALL_SCRIPT='${INSTALL}'
INSTALL_STRIP_PROGRAM='${SHELL} $(install_sh) -c -s'
LDFLAGS=''
LIBOBJS=''
LIBS=''
LIBTOOL=''
LN_S='ln -s'
LTLIBOBJS=''
MAKEINFO='${SHELL} /c/Users/agunalan/digital_image_processing/new/fftw/missing --run makeinfo'
MPICC=''
MPILIBS=''
OBJEXT='o'
PACKAGE='fftw'
PACKAGE_BUGREPORT=''
PACKAGE_NAME=''
PACKAGE_STRING=''
PACKAGE_TARNAME=''
PACKAGE_VERSION=''
PATH_SEPARATOR=':'
PERL=''
PTHREAD_CC=''
PTHREAD_CFLAGS=''
PTHREAD_LIBS=''
RANLIB='ranlib'
SET_MAKE='MAKE=make'
SHARED_VERSION=''
SHARED_VERSION_INFO='2:7:0'
SHELL='/bin/sh'
STRIP=''
THREADLIBS=''
VERSION='2.1.5'
ac_ct_CC='gcc'
ac_ct_F77=''
ac_ct_RANLIB='ranlib'
ac_ct_STRIP=''
am__fastdepCC_FALSE=''
am__fastdepCC_TRUE='#'
am__include='#'
am__leading_dot='.'
am__quote=''
bindir='${exec_prefix}/bin'
build=''
build_alias=''
build_cpu=''
build_os=''
build_vendor=''
datadir='${prefix}/share'
exec_prefix='NONE'
host=''
host_alias=''
host_cpu=''
host_os=''
host_vendor=''
includedir='${prefix}/include'
infodir='${prefix}/info'
install_sh='/c/Users/agunalan/digital_image_processing/new/fftw/install-sh'
libdir='${exec_prefix}/lib'
libexecdir='${exec_prefix}/libexec'
localstatedir='${prefix}/var'
mandir='${prefix}/man'
oldincludedir='/usr/include'
prefix='NONE'
program_transform_name='s,x,x,'
sbindir='${exec_prefix}/sbin'
sharedstatedir='${prefix}/com'
sysconfdir='${prefix}/etc'
target_alias=''

## ----------- ##
## confdefs.h. ##
## ----------- ##

#define PACKAGE "fftw"
#define PACKAGE_BUGREPORT ""
#define PACKAGE_NAME ""
#define PACKAGE_STRING ""
#define PACKAGE_TARNAME ""
#define PACKAGE_VERSION ""
#define VERSION "2.1.5"

configure: exit 1
